<?xml version="1.0" encoding="UTF-8"?>
<!-- Generated by org.testng.reporters.JUnitXMLReporter -->
<testsuite ignored="0" hostname="Arjun" failures="0" tests="2" name="Test-2" time="52.505" errors="0" timestamp="2024-05-14T13:22:26 IST">
  <testcase classname="com.comcast.createcontactmaintest.CreateContactMainTest" name="CreateContactWithSupportDateTest" time="18.489"/>
  <testcase classname="com.comcast.createcontactmaintest.CreateContactMainTest" name="createContactTest" time="11.463"/>
</testsuite> <!-- Test-2 -->
