<?xml version="1.0" encoding="UTF-8"?>
<!-- Generated by org.testng.reporters.JUnitXMLReporter -->
<testsuite ignored="2" hostname="Arjun" failures="0" tests="5" name="Test-Edge" time="199.911" errors="0" timestamp="2024-05-14T16:06:27 IST">
  <testcase classname="com.comcast.crm.orgmaintest.OrgMainTest" name="createOrgTest" time="29.128"/>
  <testcase classname="com.comcast.crm.orgmaintest.OrgMainTest" name="createOrgWithIndusTest" time="31.028"/>
  <testcase classname="com.comcast.crm.orgmaintest.OrgMainTest" name="createOrgWithPhnNoTest" time="22.559"/>
  <testcase classname="com.comcast.createcontactmaintest.CreateContactMainTest" name="CreateContactWithSupportDateTest" time="17.494"/>
  <testcase classname="com.comcast.createcontactmaintest.CreateContactMainTest" name="createContactTest" time="24.417"/>
  <testcase classname="com.comcast.crm.baseutility.BaseMainTest" name="@AfterSuite configAS" time="0.0">
    <ignored/>
  </testcase> <!-- @AfterSuite configAS -->
  <testcase classname="com.comcast.crm.baseutility.BaseMainTest" name="@BeforeSuite configBS" time="0.0">
    <ignored/>
  </testcase> <!-- @BeforeSuite configBS -->
</testsuite> <!-- Test-Edge -->
