<?xml version="1.0" encoding="UTF-8"?>
<!-- Generated by org.testng.reporters.JUnitXMLReporter -->
<testsuite ignored="2" hostname="Arjun" failures="0" tests="5" name="Test-Firefox" time="206.301" errors="0" timestamp="2024-05-14T16:06:34 IST">
  <testcase classname="com.comcast.crm.orgmaintest.OrgMainTest" name="createOrgTest" time="47.303"/>
  <testcase classname="com.comcast.crm.orgmaintest.OrgMainTest" name="createOrgWithIndusTest" time="30.326"/>
  <testcase classname="com.comcast.crm.orgmaintest.OrgMainTest" name="createOrgWithPhnNoTest" time="17.347"/>
  <testcase classname="com.comcast.createcontactmaintest.CreateContactMainTest" name="CreateContactWithSupportDateTest" time="21.24"/>
  <testcase classname="com.comcast.createcontactmaintest.CreateContactMainTest" name="createContactTest" time="17.396"/>
  <testcase classname="com.comcast.crm.baseutility.BaseMainTest" name="@AfterSuite configAS" time="0.0">
    <ignored/>
  </testcase> <!-- @AfterSuite configAS -->
  <testcase classname="com.comcast.crm.baseutility.BaseMainTest" name="@BeforeSuite configBS" time="0.0">
    <ignored/>
  </testcase> <!-- @BeforeSuite configBS -->
</testsuite> <!-- Test-Firefox -->
