<?xml version="1.0" encoding="UTF-8"?>
<!-- Generated by org.testng.reporters.JUnitXMLReporter -->
<testsuite ignored="0" hostname="Arjun" failures="0" tests="3" name="Test-1" time="66.663" errors="0" timestamp="2024-05-14T13:22:40 IST">
  <testcase classname="com.comcast.crm.orgmaintest.OrgMainTest" name="createOrgTest" time="18.682"/>
  <testcase classname="com.comcast.crm.orgmaintest.OrgMainTest" name="createOrgWithIndusTest" time="17.073"/>
  <testcase classname="com.comcast.crm.orgmaintest.OrgMainTest" name="createOrgWithPhnNoTest" time="9.94"/>
</testsuite> <!-- Test-1 -->
