<?xml version="1.0" encoding="UTF-8"?>
<!-- Generated by org.testng.reporters.JUnitReportReporter -->
<testsuite hostname="Arjun" failures="0" tests="1" name="com.comcast.crm.groupexecutiontest.GroupExecutionTest2" time="38.138" errors="0" timestamp="2024-05-14T10:53:28 IST" skipped="0">
  <testcase classname="com.comcast.crm.groupexecutiontest.GroupExecutionTest2" name="createContactTest" time="38.138"/>
  <system-out/>
</testsuite> <!-- com.comcast.crm.groupexecutiontest.GroupExecutionTest2 -->
