<?xml version="1.0" encoding="UTF-8"?>
<!-- Generated by org.testng.reporters.JUnitReportReporter -->
<testsuite hostname="Arjun" failures="0" tests="1" name="com.comcast.crm.createcontacttest.CreateContactWithSupportDateTest" time="16.300" errors="0" timestamp="2024-05-14T09:41:09 IST" skipped="0">
  <testcase classname="com.comcast.crm.createcontacttest.CreateContactWithSupportDateTest" name="CreateContactWithSupportDateTest" time="16.300"/>
  <system-out/>
</testsuite> <!-- com.comcast.crm.createcontacttest.CreateContactWithSupportDateTest -->
