<?xml version="1.0" encoding="UTF-8"?>
<!-- Generated by org.testng.reporters.JUnitReportReporter -->
<testsuite hostname="Arjun" failures="0" tests="1" name="com.comcast.createorgwithphnotest.CreateOrgWithPhnNoTest" time="16.888" errors="0" timestamp="2024-05-14T11:04:06 IST" skipped="0">
  <testcase classname="com.comcast.createorgwithphnotest.CreateOrgWithPhnNoTest" name="createOrgWithPhnNoTest" time="16.888"/>
  <system-out/>
</testsuite> <!-- com.comcast.createorgwithphnotest.CreateOrgWithPhnNoTest -->
