<?xml version="1.0" encoding="UTF-8"?>
<!-- Generated by org.testng.reporters.JUnitReportReporter -->
<testsuite hostname="Arjun" failures="0" tests="2" name="com.comcasr.crm.orgtest.CreateOrgTest" time="0.008" errors="0" timestamp="2024-05-10T15:59:15 IST" skipped="0">
  <testcase classname="com.comcasr.crm.orgtest.CreateOrgTest" name="createOrgWithIndustryTest" time="0.001"/>
  <system-out/>
  <testcase classname="com.comcasr.crm.orgtest.CreateOrgTest" name="createOrgTest" time="0.007"/>
  <system-out/>
</testsuite> <!-- com.comcasr.crm.orgtest.CreateOrgTest -->
