<?xml version="1.0" encoding="UTF-8"?>
<!-- Generated by org.testng.reporters.JUnitReportReporter -->
<testsuite hostname="Arjun" failures="0" tests="6" name="com.comcast.crm.orgmaintest.OrgMainTest" time="255.789" errors="0" timestamp="2024-05-14T16:06:34 IST" skipped="0">
  <testcase classname="com.comcast.crm.orgmaintest.OrgMainTest" name="createOrgWithIndusTest" time="43.167"/>
  <system-out/>
  <testcase classname="com.comcast.crm.orgmaintest.OrgMainTest" name="createOrgWithPhnNoTest" time="34.417"/>
  <system-out/>
  <testcase classname="com.comcast.crm.orgmaintest.OrgMainTest" name="createOrgTest" time="57.515"/>
  <system-out/>
  <testcase classname="com.comcast.crm.orgmaintest.OrgMainTest" name="createOrgWithIndusTest" time="44.747"/>
  <system-out/>
  <testcase classname="com.comcast.crm.orgmaintest.OrgMainTest" name="createOrgTest" time="45.236"/>
  <system-out/>
  <testcase classname="com.comcast.crm.orgmaintest.OrgMainTest" name="createOrgWithPhnNoTest" time="30.707"/>
  <system-out/>
</testsuite> <!-- com.comcast.crm.orgmaintest.OrgMainTest -->
