<?xml version="1.0" encoding="UTF-8"?>
<!-- Generated by org.testng.reporters.JUnitReportReporter -->
<testsuite hostname="Arjun" failures="0" tests="1" name="com.comcast.crm.createorgmaintest.CreateOrgMainTest" time="17.510" errors="0" timestamp="2024-05-13T12:24:59 IST" skipped="0">
  <testcase classname="com.comcast.crm.createorgmaintest.CreateOrgMainTest" name="createOrgTest" time="17.510"/>
  <system-out/>
</testsuite> <!-- com.comcast.crm.createorgmaintest.CreateOrgMainTest -->
