<?xml version="1.0" encoding="UTF-8"?>
<!-- Generated by org.testng.reporters.JUnitReportReporter -->
<testsuite hostname="Arjun" failures="0" tests="1" name="com.comcast.createcontactmaintest.CreateContactMainTest" time="40.670" errors="0" timestamp="2024-05-15T13:45:28 IST" skipped="0">
  <testcase classname="com.comcast.createcontactmaintest.CreateContactMainTest" name="CreateContactWithSupportDateTest" time="40.670"/>
  <system-out/>
</testsuite> <!-- com.comcast.createcontactmaintest.CreateContactMainTest -->
