<?xml version="1.0" encoding="UTF-8"?>
<!-- Generated by org.testng.reporters.JUnitReportReporter -->
<testsuite hostname="Arjun" failures="0" tests="1" name="com.comcast.crm.orgtest.CreateOrgWithIndustryTest" time="15.106" errors="0" timestamp="2024-05-13T16:07:46 IST" skipped="0">
  <testcase classname="com.comcast.crm.orgtest.CreateOrgWithIndustryTest" name="createOrgWithIndusTest" time="15.106"/>
  <system-out/>
</testsuite> <!-- com.comcast.crm.orgtest.CreateOrgWithIndustryTest -->
