<?xml version="1.0" encoding="UTF-8"?>
<!-- Generated by org.testng.reporters.JUnitReportReporter -->
<testsuite hostname="Arjun" failures="0" tests="2" name="com.comcasr.crm.orgtest.CreateContactTest" time="0.004" errors="0" timestamp="2024-05-10T15:59:15 IST" skipped="0">
  <testcase classname="com.comcasr.crm.orgtest.CreateContactTest" name="createContactTest" time="0.002"/>
  <system-out/>
  <testcase classname="com.comcasr.crm.orgtest.CreateContactTest" name="createContactWithDateTest" time="0.002"/>
  <system-out/>
</testsuite> <!-- com.comcasr.crm.orgtest.CreateContactTest -->
